Determining if files png.h exist failed with the following output:
Change Dir: /home/kyle/repos/clam/build/CMakeFiles/CMakeTmp

Run Build Command:"/usr/bin/make" "cmTC_96a05/fast"
/usr/bin/make -f CMakeFiles/cmTC_96a05.dir/build.make CMakeFiles/cmTC_96a05.dir/build
make[1]: Entering directory '/home/kyle/repos/clam/build/CMakeFiles/CMakeTmp'
Building C object CMakeFiles/cmTC_96a05.dir/CheckIncludeFiles.c.o
/usr/bin/cc    -o CMakeFiles/cmTC_96a05.dir/CheckIncludeFiles.c.o   -c /home/kyle/repos/clam/build/CMakeFiles/CMakeTmp/CheckIncludeFiles.c
/home/kyle/repos/clam/build/CMakeFiles/CMakeTmp/CheckIncludeFiles.c:2:10: fatal error: png.h: No such file or directory
 #include <png.h>
          ^~~~~~~
compilation terminated.
CMakeFiles/cmTC_96a05.dir/build.make:65: recipe for target 'CMakeFiles/cmTC_96a05.dir/CheckIncludeFiles.c.o' failed
make[1]: *** [CMakeFiles/cmTC_96a05.dir/CheckIncludeFiles.c.o] Error 1
make[1]: Leaving directory '/home/kyle/repos/clam/build/CMakeFiles/CMakeTmp'
Makefile:126: recipe for target 'cmTC_96a05/fast' failed
make: *** [cmTC_96a05/fast] Error 2

Source:
/* */
#include <png.h>


int main(void){return 0;}

